2025-12-17 17:58:23.522 [main] INFO  c.h.s.SpringBootStompApplication - Starting SpringBootStompApplication using Java 17.0.9 on LAPTOP-1FK1FC7K with PID 51828 (C:\spring-boot-stomp-websocket\target\classes started by 賈其翔 in C:\spring-boot-stomp-websocket)
2025-12-17 17:58:23.528 [main] DEBUG c.h.s.SpringBootStompApplication - Running with Spring Boot v2.6.1, Spring v5.3.13
2025-12-17 17:58:23.529 [main] INFO  c.h.s.SpringBootStompApplication - No active profile set, falling back to default profiles: default
2025-12-17 17:58:25.268 [main] INFO  o.s.d.r.c.RepositoryConfigurationDelegate - Multiple Spring Data modules found, entering strict repository configuration mode!
2025-12-17 17:58:25.272 [main] INFO  o.s.d.r.c.RepositoryConfigurationDelegate - Bootstrapping Spring Data Redis repositories in DEFAULT mode.
2025-12-17 17:58:25.314 [main] INFO  o.s.d.r.c.RepositoryConfigurationDelegate - Finished Spring Data repository scanning in 14 ms. Found 0 Redis repository interfaces.
2025-12-17 17:58:26.578 [main] INFO  o.s.b.w.e.tomcat.TomcatWebServer - Tomcat initialized with port(s): 8080 (http)
2025-12-17 17:58:26.899 [main] INFO  o.a.coyote.http11.Http11NioProtocol - Initializing ProtocolHandler ["http-nio-8080"]
2025-12-17 17:58:26.900 [main] INFO  o.a.catalina.core.StandardService - Starting service [Tomcat]
2025-12-17 17:58:26.901 [main] INFO  o.a.catalina.core.StandardEngine - Starting Servlet engine: [Apache Tomcat/9.0.55]
2025-12-17 17:58:27.087 [main] INFO  o.a.c.c.C.[Tomcat].[localhost].[/] - Initializing Spring embedded WebApplicationContext
2025-12-17 17:58:27.087 [main] INFO  o.s.b.w.s.c.ServletWebServerApplicationContext - Root WebApplicationContext: initialization completed in 3213 ms
2025-12-17 17:58:28.483 [main] DEBUG o.s.w.s.s.s.WebSocketHandlerMapping - Patterns [/our-websocket/**] in 'stompWebSocketHandlerMapping'
2025-12-17 17:58:28.631 [main] DEBUG o.s.w.s.m.WebSocketAnnotationMethodMessageHandler - 
	c.h.s.MessageController:
	{[MESSAGE],[/message]}: message(Message)
	{[MESSAGE],[/privateMessage]}: privateMessage(Principal,Message)
2025-12-17 17:58:28.635 [main] DEBUG o.s.w.s.m.WebSocketAnnotationMethodMessageHandler - 
	c.h.s.WsController:
	
2025-12-17 17:58:28.642 [main] DEBUG o.s.w.s.m.WebSocketAnnotationMethodMessageHandler - 
	o.s.b.a.w.s.e.BasicErrorController:
	
